[2025-03-02 16:51:57] INFO in cli: Loading configuration from /private/var/folders/0j/j0zxpm794vv_vrttpm9nbw_m0000gn/T/pytest-of-lere/pytest-53/test_load_config_valid0/project_config.toml
[2025-03-02 16:51:57] WARNING in cli: Configuration file /private/var/folders/0j/j0zxpm794vv_vrttpm9nbw_m0000gn/T/pytest-of-lere/pytest-53/test_load_config_missing0/nonexistent.toml not found.
[2025-03-02 16:53:35] INFO in cli: Loading configuration from /private/var/folders/0j/j0zxpm794vv_vrttpm9nbw_m0000gn/T/pytest-of-lere/pytest-54/test_load_config_valid0/project_config.toml
[2025-03-02 16:53:35] WARNING in cli: Configuration file /private/var/folders/0j/j0zxpm794vv_vrttpm9nbw_m0000gn/T/pytest-of-lere/pytest-54/test_load_config_missing0/nonexistent.toml not found.
[2025-03-02 16:54:32] INFO in cli: Loading configuration from /private/var/folders/0j/j0zxpm794vv_vrttpm9nbw_m0000gn/T/pytest-of-lere/pytest-55/test_load_config_valid0/project_config.toml
[2025-03-02 16:54:32] WARNING in cli: Configuration file /private/var/folders/0j/j0zxpm794vv_vrttpm9nbw_m0000gn/T/pytest-of-lere/pytest-55/test_load_config_missing0/nonexistent.toml not found.
[2025-03-02 16:55:33] INFO in cli: Loading configuration from /private/var/folders/0j/j0zxpm794vv_vrttpm9nbw_m0000gn/T/pytest-of-lere/pytest-56/test_load_config_valid0/project_config.toml
[2025-03-02 16:56:02] INFO in cli: Loading configuration from /private/var/folders/0j/j0zxpm794vv_vrttpm9nbw_m0000gn/T/pytest-of-lere/pytest-57/test_load_config_valid0/project_config.toml
[2025-03-02 16:56:54] INFO in cli: Loading configuration from /private/var/folders/0j/j0zxpm794vv_vrttpm9nbw_m0000gn/T/pytest-of-lere/pytest-58/test_load_config_valid0/project_config.toml
[2025-03-02 16:58:10] INFO in cli: Loading configuration from /private/var/folders/0j/j0zxpm794vv_vrttpm9nbw_m0000gn/T/pytest-of-lere/pytest-59/test_load_config_valid0/project_config.toml
[2025-03-02 16:58:10] WARNING in cli: Configuration file /private/var/folders/0j/j0zxpm794vv_vrttpm9nbw_m0000gn/T/pytest-of-lere/pytest-59/test_load_config_missing0/nonexistent.toml not found.
[2025-03-02 16:58:29] INFO in cli: Loading configuration from /private/var/folders/0j/j0zxpm794vv_vrttpm9nbw_m0000gn/T/pytest-of-lere/pytest-60/test_load_config_valid0/project_config.toml
[2025-03-02 16:58:29] WARNING in cli: Configuration file /private/var/folders/0j/j0zxpm794vv_vrttpm9nbw_m0000gn/T/pytest-of-lere/pytest-60/test_load_config_missing0/nonexistent.toml not found.
[2025-03-02 16:59:23] WARNING in cli: Configuration file /private/var/folders/0j/j0zxpm794vv_vrttpm9nbw_m0000gn/T/pytest-of-lere/pytest-61/test_load_config_missing0/nonexistent.toml not found.
[2025-03-02 17:00:25] WARNING in cli: Configuration file /private/var/folders/0j/j0zxpm794vv_vrttpm9nbw_m0000gn/T/pytest-of-lere/pytest-62/test_load_config_missing0/nonexistent.toml not found.
[2025-03-02 17:01:11] WARNING in cli: Configuration file /private/var/folders/0j/j0zxpm794vv_vrttpm9nbw_m0000gn/T/pytest-of-lere/pytest-63/test_load_config_missing0/nonexistent.toml not found.
[2025-03-02 21:40:13] WARNING in cli: Configuration file /private/var/folders/0j/j0zxpm794vv_vrttpm9nbw_m0000gn/T/pytest-of-lere/pytest-64/test_load_config_missing0/nonexistent.toml not found.
[2025-03-02 21:41:15] WARNING in cli: Configuration file /private/var/folders/0j/j0zxpm794vv_vrttpm9nbw_m0000gn/T/pytest-of-lere/pytest-65/test_load_config_missing0/nonexistent.toml not found.
[2025-03-02 21:41:50] WARNING in cli: Configuration file /private/var/folders/0j/j0zxpm794vv_vrttpm9nbw_m0000gn/T/pytest-of-lere/pytest-66/test_load_config_missing0/nonexistent.toml not found.
[2025-03-02 21:44:51] WARNING in cli: Configuration file found at /private/var/folders/0j/j0zxpm794vv_vrttpm9nbw_m0000gn/T/pytest-of-lere/pytest-70/test_load_config_valid0/project_config.toml
[2025-03-02 21:47:06] INFO in cli: Configuration file found at /private/var/folders/0j/j0zxpm794vv_vrttpm9nbw_m0000gn/T/pytest-of-lere/pytest-71/test_load_config_valid0/project_config.toml
[2025-03-02 21:50:17] INFO in cli: Configuration file found at /private/var/folders/0j/j0zxpm794vv_vrttpm9nbw_m0000gn/T/pytest-of-lere/pytest-72/test_load_config_valid0/project_config.toml. Attempting to load...
[2025-03-02 21:51:27] INFO in cli: Configuration file found at /private/var/folders/0j/j0zxpm794vv_vrttpm9nbw_m0000gn/T/pytest-of-lere/pytest-73/test_load_config_valid0/project_config.toml. Attempting to load...
[2025-03-02 21:51:27] WARNING in cli: Configuration file not found at /private/var/folders/0j/j0zxpm794vv_vrttpm9nbw_m0000gn/T/pytest-of-lere/pytest-73/test_load_config_missing0/nonexistent.toml
[2025-03-02 21:52:01] INFO in cli: Configuration file found at /private/var/folders/0j/j0zxpm794vv_vrttpm9nbw_m0000gn/T/pytest-of-lere/pytest-74/test_load_config_valid0/project_config.toml. Attempting to load...
[2025-03-02 21:52:01] INFO in cli: Loaded configuration: {'init': {'project_directory': 'test_project', 'package_manager': 'uv', 'venv_name': 'testenv', 'dependencies': ['dep1', 'dep2'], 'subdirectories': ['src', 'tests'], 'extra_subdirectories': ['docs']}}
[2025-03-02 21:52:01] WARNING in cli: Configuration file not found at /private/var/folders/0j/j0zxpm794vv_vrttpm9nbw_m0000gn/T/pytest-of-lere/pytest-74/test_load_config_missing0/nonexistent.toml
[2025-03-02 21:52:33] INFO in cli: Configuration file found at /private/var/folders/0j/j0zxpm794vv_vrttpm9nbw_m0000gn/T/pytest-of-lere/pytest-75/test_load_config_valid0/project_config.toml. Attempting to load...
[2025-03-02 21:52:33] INFO in cli: Loaded configuration: {'project_directory': 'test_project', 'package_manager': 'uv', 'venv_name': 'testenv', 'dependencies': ['dep1', 'dep2'], 'subdirectories': ['src', 'tests'], 'extra_subdirectories': ['docs']}
[2025-03-02 21:52:33] WARNING in cli: Configuration file not found at /private/var/folders/0j/j0zxpm794vv_vrttpm9nbw_m0000gn/T/pytest-of-lere/pytest-75/test_load_config_missing0/nonexistent.toml
[2025-03-02 21:53:43] INFO in cli: Configuration file found at /private/var/folders/0j/j0zxpm794vv_vrttpm9nbw_m0000gn/T/pytest-of-lere/pytest-76/test_load_config_valid0/project_config.toml. Attempting to load...
[2025-03-02 21:53:43] INFO in cli: Loaded configuration: {'project_directory': 'test_project', 'package_manager': 'uv', 'venv_name': 'testenv', 'dependencies': ['dep1', 'dep2'], 'subdirectories': ['src', 'tests'], 'extra_subdirectories': ['docs']}
[2025-03-02 21:53:43] WARNING in cli: Configuration file not found at /private/var/folders/0j/j0zxpm794vv_vrttpm9nbw_m0000gn/T/pytest-of-lere/pytest-76/test_load_config_missing0/nonexistent.toml
[2025-03-02 21:54:58] INFO in cli: Configuration file found at /private/var/folders/0j/j0zxpm794vv_vrttpm9nbw_m0000gn/T/pytest-of-lere/pytest-77/test_load_config_valid0/project_config.toml. Attempting to load...
[2025-03-02 21:54:58] INFO in cli: Loaded configuration: {'project_directory': 'test_project', 'package_manager': 'uv', 'venv_name': 'testenv', 'dependencies': ['dep1', 'dep2'], 'subdirectories': ['src', 'tests'], 'extra_subdirectories': ['docs']}
[2025-03-02 21:54:58] WARNING in cli: Configuration file not found at /private/var/folders/0j/j0zxpm794vv_vrttpm9nbw_m0000gn/T/pytest-of-lere/pytest-77/test_load_config_missing0/nonexistent.toml
[2025-03-02 21:58:15] INFO in cli: Configuration file found at /private/var/folders/0j/j0zxpm794vv_vrttpm9nbw_m0000gn/T/pytest-of-lere/pytest-78/test_load_config_valid0/project_config.toml. Attempting to load...
[2025-03-02 21:58:15] INFO in cli: Loaded configuration: {'project_directory': 'test_project', 'package_manager': 'uv', 'venv_name': 'testenv', 'dependencies': ['dep1', 'dep2'], 'subdirectories': ['src', 'tests'], 'extra_subdirectories': ['docs']}
[2025-03-02 21:58:15] WARNING in cli: Configuration file not found at /private/var/folders/0j/j0zxpm794vv_vrttpm9nbw_m0000gn/T/pytest-of-lere/pytest-78/test_load_config_missing0/nonexistent.toml
[2025-03-02 22:02:01] INFO in cli: Configuration file found at /private/var/folders/0j/j0zxpm794vv_vrttpm9nbw_m0000gn/T/pytest-of-lere/pytest-79/test_load_config_valid0/project_config.toml. Attempting to load...
[2025-03-02 22:02:01] INFO in cli: Loaded configuration: {'project_directory': 'test_project', 'package_manager': 'uv', 'venv_name': 'testenv', 'dependencies': ['dep1', 'dep2'], 'subdirectories': ['src', 'tests'], 'extra_subdirectories': ['docs']}
[2025-03-02 22:02:01] WARNING in cli: Configuration file not found at /private/var/folders/0j/j0zxpm794vv_vrttpm9nbw_m0000gn/T/pytest-of-lere/pytest-79/test_load_config_missing0/nonexistent.toml
[2025-03-02 22:08:52] INFO in cli: Configuration file found at /private/var/folders/0j/j0zxpm794vv_vrttpm9nbw_m0000gn/T/pytest-of-lere/pytest-80/test_load_config_valid0/project_config.toml. Attempting to load...
[2025-03-02 22:08:52] INFO in cli: Loaded configuration: {'project_directory': 'test_project', 'package_manager': 'uv', 'venv_name': 'testenv', 'dependencies': ['dep1', 'dep2'], 'subdirectories': ['src', 'tests'], 'extra_subdirectories': ['docs']}
[2025-03-02 22:08:52] WARNING in cli: Configuration file not found at /private/var/folders/0j/j0zxpm794vv_vrttpm9nbw_m0000gn/T/pytest-of-lere/pytest-80/test_load_config_missing0/nonexistent.toml
[2025-03-02 22:12:00] INFO in cli: Configuration file found at /private/var/folders/0j/j0zxpm794vv_vrttpm9nbw_m0000gn/T/pytest-of-lere/pytest-81/test_load_config_valid0/project_config.toml. Attempting to load...
[2025-03-02 22:12:00] INFO in cli: Loaded configuration: {'project_directory': 'test_project', 'package_manager': 'uv', 'venv_name': 'testenv', 'dependencies': ['dep1', 'dep2'], 'subdirectories': ['src', 'tests'], 'extra_subdirectories': ['docs']}
[2025-03-02 22:12:00] WARNING in cli: Configuration file not found at /private/var/folders/0j/j0zxpm794vv_vrttpm9nbw_m0000gn/T/pytest-of-lere/pytest-81/test_load_config_missing0/nonexistent.toml
[2025-03-02 22:19:15] INFO in cli: Configuration file found at /private/var/folders/0j/j0zxpm794vv_vrttpm9nbw_m0000gn/T/pytest-of-lere/pytest-82/test_load_config_valid0/project_config.toml. Attempting to load...
[2025-03-02 22:19:15] INFO in cli: Loaded configuration: {'project_directory': 'test_project', 'package_manager': 'uv', 'venv_name': 'testenv', 'dependencies': ['dep1', 'dep2'], 'subdirectories': ['src', 'tests'], 'extra_subdirectories': ['docs']}
[2025-03-02 22:19:15] WARNING in cli: Configuration file not found at /private/var/folders/0j/j0zxpm794vv_vrttpm9nbw_m0000gn/T/pytest-of-lere/pytest-82/test_load_config_missing0/nonexistent.toml
[2025-03-02 22:22:41] INFO in cli: Configuration file found at /private/var/folders/0j/j0zxpm794vv_vrttpm9nbw_m0000gn/T/pytest-of-lere/pytest-83/test_load_config_valid0/project_config.toml. Attempting to load...
[2025-03-02 22:22:41] INFO in cli: Loaded configuration: {'project_directory': 'test_project', 'package_manager': 'uv', 'venv_name': 'testenv', 'dependencies': ['dep1', 'dep2'], 'subdirectories': ['src', 'tests'], 'extra_subdirectories': ['docs']}
[2025-03-02 22:22:41] WARNING in cli: Configuration file not found at /private/var/folders/0j/j0zxpm794vv_vrttpm9nbw_m0000gn/T/pytest-of-lere/pytest-83/test_load_config_missing0/nonexistent.toml
[2025-03-02 22:27:47] INFO in cli: Configuration file found at /private/var/folders/0j/j0zxpm794vv_vrttpm9nbw_m0000gn/T/pytest-of-lere/pytest-84/test_load_config_valid0/project_config.toml. Attempting to load...
[2025-03-02 22:27:47] INFO in cli: Loaded configuration: {'project_directory': 'test_project', 'package_manager': 'uv', 'venv_name': 'testenv', 'dependencies': ['dep1', 'dep2'], 'subdirectories': ['src', 'tests'], 'extra_subdirectories': ['docs']}
[2025-03-02 22:27:47] WARNING in cli: Configuration file not found at /private/var/folders/0j/j0zxpm794vv_vrttpm9nbw_m0000gn/T/pytest-of-lere/pytest-84/test_load_config_missing0/nonexistent.toml
[2025-03-02 22:38:56] INFO in cli: Configuration file found at /private/var/folders/0j/j0zxpm794vv_vrttpm9nbw_m0000gn/T/pytest-of-lere/pytest-85/test_load_config_valid0/project_config.toml. Attempting to load...
[2025-03-02 22:38:56] INFO in cli: Loaded configuration: {'project_directory': 'test_project', 'package_manager': 'uv', 'venv_name': 'testenv', 'dependencies': ['dep1', 'dep2'], 'subdirectories': ['src', 'tests'], 'extra_subdirectories': ['docs']}
[2025-03-02 22:38:56] WARNING in cli: Configuration file not found at /private/var/folders/0j/j0zxpm794vv_vrttpm9nbw_m0000gn/T/pytest-of-lere/pytest-85/test_load_config_missing0/nonexistent.toml
[2025-03-02 22:38:56] INFO in cli: Configuration file found at project_config.toml. Attempting to load...
[2025-03-02 22:38:56] INFO in cli: Loaded configuration: {'project_directory': '/private/var/folders/0j/j0zxpm794vv_vrttpm9nbw_m0000gn/T/pytest-of-lere/pytest-85/test_cli_init_existing0/existing_project', 'package_manager': 'poetry', 'venv_name': 'venv', 'dependencies': []}
[2025-03-02 22:38:58] INFO in cli: Configuration file found at project_config.toml. Attempting to load...
[2025-03-02 22:38:58] INFO in cli: Loaded configuration: {'project_directory': '/private/var/folders/0j/j0zxpm794vv_vrttpm9nbw_m0000gn/T/pytest-of-lere/pytest-85/test_cli_init_nonexistent0/new_project', 'package_manager': 'virtualenv', 'venv_name': 'venv', 'dependencies': ['depX'], 'subdirectories': ['src'], 'extra_subdirectories': ['docs']}
[2025-03-02 22:40:18] INFO in cli: Configuration file found at /private/var/folders/0j/j0zxpm794vv_vrttpm9nbw_m0000gn/T/pytest-of-lere/pytest-86/test_load_config_valid0/project_config.toml. Attempting to load...
[2025-03-02 22:40:18] INFO in cli: Loaded configuration: {'project_directory': 'test_project', 'package_manager': 'uv', 'venv_name': 'testenv', 'dependencies': ['dep1', 'dep2'], 'subdirectories': ['src', 'tests'], 'extra_subdirectories': ['docs']}
[2025-03-02 22:40:18] WARNING in cli: Configuration file not found at /private/var/folders/0j/j0zxpm794vv_vrttpm9nbw_m0000gn/T/pytest-of-lere/pytest-86/test_load_config_missing0/nonexistent.toml
[2025-03-02 22:40:18] INFO in cli: Configuration file found at project_config.toml. Attempting to load...
[2025-03-02 22:40:18] INFO in cli: Loaded configuration: {'project_name': '/private/var/folders/0j/j0zxpm794vv_vrttpm9nbw_m0000gn/T/pytest-of-lere/pytest-86/test_cli_init_existing0/existing_project', 'package_manager': 'poetry', 'venv_name': 'venv', 'dependencies': []}
[2025-03-02 22:40:18] INFO in cli: Configuration file found at project_config.toml. Attempting to load...
[2025-03-02 22:40:18] INFO in cli: Loaded configuration: {'project_name': '/private/var/folders/0j/j0zxpm794vv_vrttpm9nbw_m0000gn/T/pytest-of-lere/pytest-86/test_cli_init_nonexistent0/new_project', 'package_manager': 'virtualenv', 'venv_name': 'venv', 'dependencies': ['depX'], 'subdirectories': ['src'], 'extra_subdirectories': ['docs']}
