2024/11/23 18:35:29 aemiller @(unknown) (55686) [visibility]> read 0 heads: 
2024/11/23 18:35:29 aemiller @(unknown) (55686) [visibility]> read 0 heads: 
2024/11/23 18:35:29 aemiller @(unknown) (55686) [command_finish]> clone 'https://github.com/adammillerio/smn.git' exited 0 after 0.66 seconds
2025/03/04 13:33:59 aemiller @(unknown) (85573) [command]> diff
2025/03/04 13:33:59 aemiller @1d95f8b5bf9dd2e1a9f7b2af18f6608d55b7acea (85573) [command_finish]> diff exited 0 after 0.10 seconds
2025/03/04 13:33:59 aemiller @(unknown) (85588) [command]> sl
2025/03/04 13:33:59 aemiller @1d95f8b5bf9dd2e1a9f7b2af18f6608d55b7acea (85588) [visibility]> read 0 heads: 
2025/03/04 13:33:59 aemiller @1d95f8b5bf9dd2e1a9f7b2af18f6608d55b7acea (85588) [command_finish]> sl exited 0 after 0.07 seconds
2025/03/04 13:34:01 aemiller @(unknown) (85639) [command]> pull
2025/03/04 13:34:02 aemiller @1d95f8b5bf9dd2e1a9f7b2af18f6608d55b7acea (85639) [visibility]> read 0 heads: 
2025/03/04 13:34:02 aemiller @1d95f8b5bf9dd2e1a9f7b2af18f6608d55b7acea (85639) [visibility]> read 0 heads: 
2025/03/04 13:34:02 aemiller @1d95f8b5bf9dd2e1a9f7b2af18f6608d55b7acea (85639) [pythonhook]> pythonhook-post-pull: sapling.ext.github.pr_marker.cleanup_landed_pr_hook finished in 0.00 seconds
2025/03/04 13:34:02 aemiller @1d95f8b5bf9dd2e1a9f7b2af18f6608d55b7acea (85639) [command_finish]> pull exited 0 after 0.50 seconds
2025/03/04 13:34:02 aemiller @(unknown) (85652) [command]> rebase -d remote/main
2025/03/04 13:34:02 aemiller @1d95f8b5bf9dd2e1a9f7b2af18f6608d55b7acea (85652) [visibility]> read 0 heads: 
2025/03/04 13:34:02 aemiller @a0173eeb5bf46a870f0789dbf4eedb8435ef3b49 (85652) [command_finish]> rebase -d remote/main exited 0 after 0.11 seconds
2025/03/04 13:34:05 aemiller @(unknown) (85692) [command]> sl
2025/03/04 13:34:05 aemiller @a0173eeb5bf46a870f0789dbf4eedb8435ef3b49 (85692) [visibility]> read 0 heads: 
2025/03/04 13:34:05 aemiller @a0173eeb5bf46a870f0789dbf4eedb8435ef3b49 (85692) [command_finish]> sl exited 0 after 0.06 seconds
2025/03/04 13:34:16 aemiller @(unknown) (85924) [command]> diff
2025/03/04 13:34:16 aemiller @a0173eeb5bf46a870f0789dbf4eedb8435ef3b49 (85924) [command_finish]> diff exited 0 after 0.11 seconds
2025/03/04 13:34:30 aemiller @(unknown) (86063) [command]> diff
2025/03/04 13:34:30 aemiller @a0173eeb5bf46a870f0789dbf4eedb8435ef3b49 (86063) [command_finish]> diff exited 0 after 0.10 seconds
2025/03/04 13:34:46 aemiller @(unknown) (86203) [command]> diff
2025/03/04 13:34:46 aemiller @a0173eeb5bf46a870f0789dbf4eedb8435ef3b49 (86203) [command_finish]> diff exited 0 after 0.10 seconds
2025/03/04 13:35:28 aemiller @(unknown) (87049) [command]> commit -i -m 'access fabric with fabric2 instead of fabric module name'
2025/03/04 13:35:28 aemiller @a0173eeb5bf46a870f0789dbf4eedb8435ef3b49 (87049) [visibility]> read 0 heads: 
2025/03/04 13:35:32 aemiller @a0173eeb5bf46a870f0789dbf4eedb8435ef3b49 (87049) [visibility]> read 0 heads: 
2025/03/04 13:35:32 aemiller @a0173eeb5bf46a870f0789dbf4eedb8435ef3b49 (87049) [visibility]> removed 0 heads []; added 1 heads [14bbc012ebd2]
2025/03/04 13:35:32 aemiller @14bbc012ebd218ddc551281a8c55477ea9076010 (87049) [visibility]> wrote 1 heads: 14bbc012ebd2
2025/03/04 13:35:32 aemiller @14bbc012ebd218ddc551281a8c55477ea9076010 (87049) [command_finish]> commit -i -m 'access fabric with fabric2 instead of fabric module name' exited 0 after 4.15 seconds
2025/03/04 13:35:34 aemiller @(unknown) (87133) [command]> pr submit
2025/03/04 13:35:34 aemiller @14bbc012ebd218ddc551281a8c55477ea9076010 (87133) [visibility]> read 1 heads: 14bbc012ebd2
2025/03/04 13:35:37 aemiller @14bbc012ebd218ddc551281a8c55477ea9076010 (87133) [visibility]> read 1 heads: 14bbc012ebd2
2025/03/04 13:35:38 aemiller @14bbc012ebd218ddc551281a8c55477ea9076010 (87133) [command_finish]> pr submit exited 0 after 3.41 seconds
2025/03/04 13:36:13 aemiller @(unknown) (87673) [command]> diff
2025/03/04 13:36:13 aemiller @14bbc012ebd218ddc551281a8c55477ea9076010 (87673) [command_finish]> diff exited 0 after 0.10 seconds
2025/03/04 13:36:16 aemiller @(unknown) (87734) [command]> amend -i
2025/03/04 13:36:16 aemiller @14bbc012ebd218ddc551281a8c55477ea9076010 (87734) [visibility]> read 1 heads: 14bbc012ebd2
2025/03/04 13:36:18 aemiller @14bbc012ebd218ddc551281a8c55477ea9076010 (87734) [visibility]> read 1 heads: 14bbc012ebd2
2025/03/04 13:36:18 aemiller @14bbc012ebd218ddc551281a8c55477ea9076010 (87734) [visibility]> removed 0 heads []; added 1 heads [f8fef310fdec]
2025/03/04 13:36:18 aemiller @f8fef310fdec2d5d56ca66652c8fdbf43dbcb015 (87734) [visibility]> removed 1 heads [14bbc012ebd2]; added 0 heads []
2025/03/04 13:36:18 aemiller @f8fef310fdec2d5d56ca66652c8fdbf43dbcb015 (87734) [visibility]> wrote 1 heads: f8fef310fdec
2025/03/04 13:36:18 aemiller @f8fef310fdec2d5d56ca66652c8fdbf43dbcb015 (87734) [command_finish]> amend -i exited 0 after 2.57 seconds
2025/03/04 13:36:20 aemiller @(unknown) (87847) [command]> pr submit
2025/03/04 13:36:20 aemiller @f8fef310fdec2d5d56ca66652c8fdbf43dbcb015 (87847) [visibility]> read 1 heads: f8fef310fdec
2025/03/04 13:36:22 aemiller @f8fef310fdec2d5d56ca66652c8fdbf43dbcb015 (87847) [command_finish]> pr submit exited 0 after 2.04 seconds
2025/03/04 13:37:16 aemiller @(unknown) (88224) [command]> pull
2025/03/04 13:37:16 aemiller @f8fef310fdec2d5d56ca66652c8fdbf43dbcb015 (88224) [visibility]> read 1 heads: f8fef310fdec
2025/03/04 13:37:16 aemiller @f8fef310fdec2d5d56ca66652c8fdbf43dbcb015 (88224) [visibility]> read 0 heads: 
2025/03/04 13:37:16 aemiller @f8fef310fdec2d5d56ca66652c8fdbf43dbcb015 (88224) [pythonhook]> pythonhook-post-pull: sapling.ext.github.pr_marker.cleanup_landed_pr_hook finished in 0.00 seconds
2025/03/04 13:37:16 aemiller @f8fef310fdec2d5d56ca66652c8fdbf43dbcb015 (88224) [command_finish]> pull exited 0 after 0.47 seconds
2025/03/04 13:37:17 aemiller @(unknown) (88240) [command]> rebase -d remote/main
2025/03/04 13:37:17 aemiller @f8fef310fdec2d5d56ca66652c8fdbf43dbcb015 (88240) [visibility]> read 0 heads: 
2025/03/04 13:37:17 aemiller @55fc5c139a55e8a546f644c686ffd574c3a5fece (88240) [command_finish]> rebase -d remote/main exited 0 after 0.16 seconds
2025/03/04 13:37:19 aemiller @(unknown) (88259) [command]> revert --all
2025/03/04 13:37:19 aemiller @55fc5c139a55e8a546f644c686ffd574c3a5fece (88259) [command_finish]> revert --all exited 0 after 0.10 seconds
2025/03/04 13:37:32 aemiller @(unknown) (88404) [command]> diff
2025/03/04 13:37:32 aemiller @55fc5c139a55e8a546f644c686ffd574c3a5fece (88404) [command_finish]> diff exited 0 after 0.10 seconds
2025/03/04 13:37:47 aemiller @(unknown) (88512) [command]> sl
2025/03/04 13:37:47 aemiller @55fc5c139a55e8a546f644c686ffd574c3a5fece (88512) [visibility]> read 0 heads: 
2025/03/04 13:37:47 aemiller @55fc5c139a55e8a546f644c686ffd574c3a5fece (88512) [command_finish]> sl exited 0 after 0.06 seconds
2025/03/04 13:37:54 aemiller @(unknown) (88646) [command]> commit -i -m 'update uv lockfile'
2025/03/04 13:37:54 aemiller @55fc5c139a55e8a546f644c686ffd574c3a5fece (88646) [visibility]> read 0 heads: 
2025/03/04 13:37:55 aemiller @55fc5c139a55e8a546f644c686ffd574c3a5fece (88646) [visibility]> read 0 heads: 
2025/03/04 13:37:55 aemiller @55fc5c139a55e8a546f644c686ffd574c3a5fece (88646) [visibility]> removed 0 heads []; added 1 heads [1031cf7d8745]
2025/03/04 13:37:55 aemiller @1031cf7d8745c1f1812b5ebb16fc9beaecdca8f2 (88646) [visibility]> wrote 1 heads: 1031cf7d8745
2025/03/04 13:37:55 aemiller @1031cf7d8745c1f1812b5ebb16fc9beaecdca8f2 (88646) [command_finish]> commit -i -m 'update uv lockfile' exited 0 after 1.13 seconds
2025/03/04 13:37:56 aemiller @(unknown) (88699) [command]> pr submit
2025/03/04 13:37:56 aemiller @1031cf7d8745c1f1812b5ebb16fc9beaecdca8f2 (88699) [visibility]> read 1 heads: 1031cf7d8745
2025/03/04 13:37:58 aemiller @1031cf7d8745c1f1812b5ebb16fc9beaecdca8f2 (88699) [visibility]> read 1 heads: 1031cf7d8745
2025/03/04 13:38:00 aemiller @1031cf7d8745c1f1812b5ebb16fc9beaecdca8f2 (88699) [command_finish]> pr submit exited 0 after 3.13 seconds
2025/03/04 13:38:26 aemiller @(unknown) (88860) [command]> pull
2025/03/04 13:38:26 aemiller @1031cf7d8745c1f1812b5ebb16fc9beaecdca8f2 (88860) [visibility]> read 1 heads: 1031cf7d8745
2025/03/04 13:38:26 aemiller @1031cf7d8745c1f1812b5ebb16fc9beaecdca8f2 (88860) [visibility]> read 0 heads: 
2025/03/04 13:38:26 aemiller @1031cf7d8745c1f1812b5ebb16fc9beaecdca8f2 (88860) [pythonhook]> pythonhook-post-pull: sapling.ext.github.pr_marker.cleanup_landed_pr_hook finished in 0.00 seconds
2025/03/04 13:38:26 aemiller @1031cf7d8745c1f1812b5ebb16fc9beaecdca8f2 (88860) [command_finish]> pull exited 0 after 0.45 seconds
2025/03/04 13:38:26 aemiller @(unknown) (88879) [command]> rebase -d remote/main
2025/03/04 13:38:26 aemiller @1031cf7d8745c1f1812b5ebb16fc9beaecdca8f2 (88879) [visibility]> read 0 heads: 
2025/03/04 13:38:26 aemiller @9b39a53bc0f894cce51c1b30af1d59ca47c2f705 (88879) [command_finish]> rebase -d remote/main exited 0 after 0.12 seconds
2025/03/04 13:38:27 aemiller @(unknown) (88930) [command]> sl
2025/03/04 13:38:27 aemiller @9b39a53bc0f894cce51c1b30af1d59ca47c2f705 (88930) [visibility]> read 0 heads: 
2025/03/04 13:38:27 aemiller @9b39a53bc0f894cce51c1b30af1d59ca47c2f705 (88930) [command_finish]> sl exited 0 after 0.06 seconds
